[    26.185] (--) Log file renamed from "/home/ismael/.local/share/xorg/Xorg.pid-2072.log" to "/home/ismael/.local/share/xorg/Xorg.0.log"
[    26.189] 
X.Org X Server 1.20.1
X Protocol Version 11, Revision 0
[    26.189] Build Operating System: Linux 4.4.0-140-generic x86_64 Ubuntu
[    26.189] Current Operating System: Linux ismael-virtual-machine 4.18.0-17-generic #18~18.04.1-Ubuntu SMP Fri Mar 15 15:27:12 UTC 2019 x86_64
[    26.189] Kernel command line: BOOT_IMAGE=/boot/vmlinuz-4.18.0-17-generic root=UUID=9c412598-21b1-4618-8e58-8a376d53788a ro quiet splash
[    26.189] Build Date: 27 November 2018  05:27:12PM
[    26.189] xorg-server-hwe-18.04 2:1.20.1-3ubuntu2.1~18.04.1 (For technical support please see http://www.ubuntu.com/support) 
[    26.189] Current version of pixman: 0.34.0
[    26.189] 	Before reporting problems, check http://wiki.x.org
	to make sure that you have the latest version.
[    26.189] Markers: (--) probed, (**) from config file, (==) default setting,
	(++) from command line, (!!) notice, (II) informational,
	(WW) warning, (EE) error, (NI) not implemented, (??) unknown.
[    26.189] (==) Log file: "/home/ismael/.local/share/xorg/Xorg.0.log", Time: Thu Apr 11 08:44:47 2019
[    26.190] (==) Using system config directory "/usr/share/X11/xorg.conf.d"
[    26.194] (==) No Layout section.  Using the first Screen section.
[    26.194] (==) No screen section available. Using defaults.
[    26.194] (**) |-->Screen "Default Screen Section" (0)
[    26.194] (**) |   |-->Monitor "<default monitor>"
[    26.195] (==) No monitor specified for screen "Default Screen Section".
	Using a default monitor configuration.
[    26.195] (==) Automatically adding devices
[    26.195] (==) Automatically enabling devices
[    26.195] (==) Automatically adding GPU devices
[    26.195] (==) Automatically binding GPU devices
[    26.195] (==) Max clients allowed: 256, resource mask: 0x1fffff
[    26.195] (WW) The directory "/usr/share/fonts/X11/cyrillic" does not exist.
[    26.195] 	Entry deleted from font path.
[    26.195] (WW) The directory "/usr/share/fonts/X11/100dpi/" does not exist.
[    26.195] 	Entry deleted from font path.
[    26.195] (WW) The directory "/usr/share/fonts/X11/75dpi/" does not exist.
[    26.195] 	Entry deleted from font path.
[    26.195] (WW) The directory "/usr/share/fonts/X11/100dpi" does not exist.
[    26.195] 	Entry deleted from font path.
[    26.195] (WW) The directory "/usr/share/fonts/X11/75dpi" does not exist.
[    26.195] 	Entry deleted from font path.
[    26.195] (==) FontPath set to:
	/usr/share/fonts/X11/misc,
	/usr/share/fonts/X11/Type1,
	built-ins
[    26.195] (==) ModulePath set to "/usr/lib/xorg/modules"
[    26.195] (II) The server relies on udev to provide the list of input devices.
	If no devices become available, reconfigure udev or disable AutoAddDevices.
[    26.195] (II) Loader magic: 0x562c56a8d020
[    26.195] (II) Module ABI versions:
[    26.195] 	X.Org ANSI C Emulation: 0.4
[    26.195] 	X.Org Video Driver: 24.0
[    26.195] 	X.Org XInput driver : 24.1
[    26.195] 	X.Org Server Extension : 10.0
[    26.196] (++) using VT number 2

[    26.198] (II) systemd-logind: took control of session /org/freedesktop/login1/session/_32
[    26.199] (II) xfree86: Adding drm device (/dev/dri/card0)
[    26.200] (II) systemd-logind: got fd for /dev/dri/card0 226:0 fd 12 paused 0
[    26.204] (--) PCI:*(0@0:15:0) 15ad:0405:15ad:0405 rev 0, Mem @ 0xe8000000/134217728, 0xfe000000/8388608, I/O @ 0x00001070/16, BIOS @ 0x????????/131072
[    26.204] (II) LoadModule: "glx"
[    26.206] (II) Loading /usr/lib/xorg/modules/extensions/libglx.so
[    26.209] (II) Module glx: vendor="X.Org Foundation"
[    26.209] 	compiled for 1.20.1, module version = 1.0.0
[    26.209] 	ABI class: X.Org Server Extension, version 10.0
[    26.210] (==) Matched vmware as autoconfigured driver 0
[    26.210] (==) Matched modesetting as autoconfigured driver 1
[    26.210] (==) Matched fbdev as autoconfigured driver 2
[    26.210] (==) Matched vesa as autoconfigured driver 3
[    26.210] (==) Assigned the driver to the xf86ConfigLayout
[    26.210] (II) LoadModule: "vmware"
[    26.210] (II) Loading /usr/lib/xorg/modules/drivers/vmware_drv.so
[    26.231] (II) Module vmware: vendor="X.Org Foundation"
[    26.231] 	compiled for 1.20.1, module version = 13.3.0
[    26.231] 	Module class: X.Org Video Driver
[    26.231] 	ABI class: X.Org Video Driver, version 24.0
[    26.231] (II) LoadModule: "modesetting"
[    26.231] (II) Loading /usr/lib/xorg/modules/drivers/modesetting_drv.so
[    26.233] (II) Module modesetting: vendor="X.Org Foundation"
[    26.233] 	compiled for 1.20.1, module version = 1.20.1
[    26.233] 	Module class: X.Org Video Driver
[    26.233] 	ABI class: X.Org Video Driver, version 24.0
[    26.233] (II) LoadModule: "fbdev"
[    26.233] (II) Loading /usr/lib/xorg/modules/drivers/fbdev_drv.so
[    26.234] (II) Module fbdev: vendor="X.Org Foundation"
[    26.234] 	compiled for 1.20.1, module version = 0.5.0
[    26.234] 	Module class: X.Org Video Driver
[    26.234] 	ABI class: X.Org Video Driver, version 24.0
[    26.234] (II) LoadModule: "vesa"
[    26.234] (II) Loading /usr/lib/xorg/modules/drivers/vesa_drv.so
[    26.235] (II) Module vesa: vendor="X.Org Foundation"
[    26.235] 	compiled for 1.20.1, module version = 2.4.0
[    26.235] 	Module class: X.Org Video Driver
[    26.235] 	ABI class: X.Org Video Driver, version 24.0
[    26.235] (II) vmware: driver for VMware SVGA: vmware0405, vmware0710
[    26.235] (II) modesetting: Driver for Modesetting Kernel Drivers: kms
[    26.235] (II) FBDEV: driver for framebuffer: fbdev
[    26.235] (II) VESA: driver for VESA chipsets: vesa
[    26.236] xf86EnableIOPorts: failed to set IOPL for I/O (Operation not permitted)
[    26.236] (WW) Falling back to old probe method for modesetting
[    26.236] (WW) Falling back to old probe method for fbdev
[    26.236] (II) Loading sub module "fbdevhw"
[    26.236] (II) LoadModule: "fbdevhw"
[    26.236] (II) Loading /usr/lib/xorg/modules/libfbdevhw.so
[    26.237] (II) Module fbdevhw: vendor="X.Org Foundation"
[    26.237] 	compiled for 1.20.1, module version = 0.0.2
[    26.237] 	ABI class: X.Org Video Driver, version 24.0
[    26.237] (EE) open /dev/fb0: Permission denied
[    26.237] (WW) VGA arbiter: cannot open kernel arbiter, no multi-card support
[    26.237] (II) vmware(0): Creating default Display subsection in Screen section
	"Default Screen Section" for depth/fbbpp 24/32
[    26.237] (--) vmware(0): DRM driver version is 2.14.1
[    26.237] (==) vmware(0): Depth 24, (--) framebuffer bpp 32
[    26.237] (==) vmware(0): RGB weight 888
[    26.237] (==) vmware(0): Default visual is TrueColor
[    26.237] (--) vmware(0): Min width 1, Max Width 8192.
[    26.237] (--) vmware(0): Min height 1, Max Height 8192.
[    26.237] (II) vmware(0): Output Virtual1 has no monitor section
[    26.237] (II) vmware(0): Output Virtual2 has no monitor section
[    26.237] (II) vmware(0): Output Virtual3 has no monitor section
[    26.237] (II) vmware(0): Output Virtual4 has no monitor section
[    26.237] (II) vmware(0): Output Virtual5 has no monitor section
[    26.237] (II) vmware(0): Output Virtual6 has no monitor section
[    26.237] (II) vmware(0): Output Virtual7 has no monitor section
[    26.237] (II) vmware(0): Output Virtual8 has no monitor section
[    26.237] (II) vmware(0): Printing probed modes for output Virtual1
[    26.237] (II) vmware(0): Modeline "800x600"x60.0   42.75  800 850 900 950  600 650 700 750 -hsync +vsync (45.0 kHz eP)
[    26.237] (II) vmware(0): Modeline "2560x1600"x60.0  348.50  2560 2752 3032 3504  1600 1603 1609 1658 -hsync +vsync (99.5 kHz e)
[    26.237] (II) vmware(0): Modeline "1920x1440"x60.0  234.00  1920 2048 2256 2600  1440 1441 1444 1500 -hsync +vsync (90.0 kHz e)
[    26.237] (II) vmware(0): Modeline "1856x1392"x60.0  218.25  1856 1952 2176 2528  1392 1393 1396 1439 -hsync +vsync (86.3 kHz e)
[    26.237] (II) vmware(0): Modeline "1792x1344"x60.0  204.75  1792 1920 2120 2448  1344 1345 1348 1394 -hsync +vsync (83.6 kHz e)
[    26.237] (II) vmware(0): Modeline "1920x1200"x59.9  193.25  1920 2056 2256 2592  1200 1203 1209 1245 -hsync +vsync (74.6 kHz e)
[    26.237] (II) vmware(0): Modeline "1600x1200"x60.0  162.00  1600 1664 1856 2160  1200 1201 1204 1250 +hsync +vsync (75.0 kHz e)
[    26.237] (II) vmware(0): Modeline "1680x1050"x60.0  146.25  1680 1784 1960 2240  1050 1053 1059 1089 -hsync +vsync (65.3 kHz e)
[    26.237] (II) vmware(0): Modeline "1400x1050"x60.0  121.75  1400 1488 1632 1864  1050 1053 1057 1089 -hsync +vsync (65.3 kHz e)
[    26.237] (II) vmware(0): Modeline "1280x1024"x60.0  108.00  1280 1328 1440 1688  1024 1025 1028 1066 +hsync +vsync (64.0 kHz e)
[    26.237] (II) vmware(0): Modeline "1440x900"x59.9  106.50  1440 1520 1672 1904  900 903 909 934 -hsync +vsync (55.9 kHz e)
[    26.237] (II) vmware(0): Modeline "1280x960"x60.0  108.00  1280 1376 1488 1800  960 961 964 1000 +hsync +vsync (60.0 kHz e)
[    26.237] (II) vmware(0): Modeline "1360x768"x60.0   85.50  1360 1424 1536 1792  768 771 777 795 +hsync +vsync (47.7 kHz e)
[    26.237] (II) vmware(0): Modeline "1280x800"x59.8   83.50  1280 1352 1480 1680  800 803 809 831 +hsync -vsync (49.7 kHz e)
[    26.237] (II) vmware(0): Modeline "1152x864"x75.0  108.00  1152 1216 1344 1600  864 865 868 900 +hsync +vsync (67.5 kHz e)
[    26.237] (II) vmware(0): Modeline "1280x768"x59.9   79.50  1280 1344 1472 1664  768 771 778 798 -hsync +vsync (47.8 kHz e)
[    26.237] (II) vmware(0): Modeline "1024x768"x60.0   65.00  1024 1048 1184 1344  768 771 777 806 -hsync -vsync (48.4 kHz e)
[    26.237] (II) vmware(0): Modeline "800x600"x60.3   40.00  800 840 968 1056  600 601 605 628 +hsync +vsync (37.9 kHz e)
[    26.237] (II) vmware(0): Modeline "640x480"x59.9   25.18  640 656 752 800  480 489 492 525 -hsync -vsync (31.5 kHz e)
[    26.237] (II) vmware(0): EDID for output Virtual2
[    26.237] (II) vmware(0): EDID for output Virtual3
[    26.237] (II) vmware(0): EDID for output Virtual4
[    26.237] (II) vmware(0): EDID for output Virtual5
[    26.238] (II) vmware(0): EDID for output Virtual6
[    26.238] (II) vmware(0): EDID for output Virtual7
[    26.238] (II) vmware(0): EDID for output Virtual8
[    26.238] (II) vmware(0): Output Virtual1 connected
[    26.238] (II) vmware(0): Output Virtual2 disconnected
[    26.238] (II) vmware(0): Output Virtual3 disconnected
[    26.238] (II) vmware(0): Output Virtual4 disconnected
[    26.238] (II) vmware(0): Output Virtual5 disconnected
[    26.238] (II) vmware(0): Output Virtual6 disconnected
[    26.238] (II) vmware(0): Output Virtual7 disconnected
[    26.238] (II) vmware(0): Output Virtual8 disconnected
[    26.238] (II) vmware(0): Using exact sizes for initial modes
[    26.238] (II) vmware(0): Output Virtual1 using initial mode 800x600 +0+0
[    26.238] (==) vmware(0): DPI set to (96, 96)
[    26.238] (==) vmware(0): Using gamma correction (1.0, 1.0, 1.0)
[    26.238] (II) Loading sub module "fb"
[    26.238] (II) LoadModule: "fb"
[    26.238] (II) Loading /usr/lib/xorg/modules/libfb.so
[    26.240] (II) Module fb: vendor="X.Org Foundation"
[    26.240] 	compiled for 1.20.1, module version = 1.0.0
[    26.240] 	ABI class: X.Org ANSI C Emulation, version 0.4
[    26.240] (II) Loading sub module "dri2"
[    26.240] (II) LoadModule: "dri2"
[    26.240] (II) Module "dri2" already built-in
[    26.240] (II) Loading sub module "dri3"
[    26.240] (II) LoadModule: "dri3"
[    26.240] (II) Module "dri3" already built-in
[    26.240] (II) UnloadModule: "modesetting"
[    26.240] (II) Unloading modesetting
[    26.240] (II) UnloadModule: "fbdev"
[    26.240] (II) Unloading fbdev
[    26.240] (II) UnloadSubModule: "fbdevhw"
[    26.240] (II) Unloading fbdevhw
[    26.240] (II) UnloadModule: "vesa"
[    26.240] (II) Unloading vesa
[    26.241] (II) vmware(0): Initialized VMWARE_CTRL extension version 0.2
[    26.255] (II) vmware(0): Gallium3D XA version: 2.4.0.
[    26.255] (II) vmware(0): Path of drm device is "/dev/dri/card0".
[    26.255] (II) vmware(0): [DRI2] Setup complete
[    26.255] (II) vmware(0): [DRI2]   DRI driver: vmwgfx
[    26.985] (--) vmware(0): Render acceleration is enabled.
[    26.985] (==) vmware(0): Rendercheck mode is disabled.
[    26.985] (--) vmware(0): Direct rendering (DRI2 3D) is enabled.
[    26.985] (--) vmware(0): Direct rendering (DRI3 3D) is enabled.
[    26.985] (==) vmware(0): Direct presents are disabled.
[    26.985] (==) vmware(0): Hardware only presents are automatic per scanout.
[    26.985] (==) vmware(0): Backing store enabled
[    26.985] (==) vmware(0): Silken mouse enabled
[    26.990] (==) vmware(0): DPMS enabled
[    26.990] (II) Initializing extension Generic Event Extension
[    26.990] (II) Initializing extension SHAPE
[    26.990] (II) Initializing extension MIT-SHM
[    26.990] (II) Initializing extension XInputExtension
[    26.991] (II) Initializing extension XTEST
[    26.992] (II) Initializing extension BIG-REQUESTS
[    26.992] (II) Initializing extension SYNC
[    26.992] (II) Initializing extension XKEYBOARD
[    26.992] (II) Initializing extension XC-MISC
[    26.992] (II) Initializing extension SECURITY
[    26.992] (II) Initializing extension XFIXES
[    26.992] (II) Initializing extension RENDER
[    26.992] (II) Initializing extension RANDR
[    26.992] (II) Initializing extension COMPOSITE
[    26.992] (II) Initializing extension DAMAGE
[    26.992] (II) Initializing extension MIT-SCREEN-SAVER
[    26.993] (II) Initializing extension DOUBLE-BUFFER
[    26.993] (II) Initializing extension RECORD
[    26.993] (II) Initializing extension DPMS
[    26.993] (II) Initializing extension Present
[    26.993] (II) Initializing extension DRI3
[    26.993] (II) Initializing extension X-Resource
[    26.993] (II) Initializing extension XVideo
[    26.993] (II) Initializing extension XVideo-MotionCompensation
[    26.993] (II) Initializing extension SELinux
[    26.993] (II) SELinux: Disabled on system
[    26.993] (II) Initializing extension GLX
[    27.000] (II) AIGLX: Loaded and initialized vmwgfx
[    27.000] (II) GLX: Initialized DRI2 GL provider for screen 0
[    27.000] (II) Initializing extension XFree86-VidModeExtension
[    27.000] (II) Initializing extension XFree86-DGA
[    27.000] (II) Initializing extension XFree86-DRI
[    27.000] (II) Initializing extension DRI2
[    27.001] (II) vmware(0): Setting screen physical size to 211 x 158
[    27.029] (II) config/udev: Adding input device Power Button (/dev/input/event0)
[    27.029] (**) Power Button: Applying InputClass "libinput keyboard catchall"
[    27.029] (II) LoadModule: "libinput"
[    27.029] (II) Loading /usr/lib/xorg/modules/input/libinput_drv.so
[    27.032] (II) Module libinput: vendor="X.Org Foundation"
[    27.032] 	compiled for 1.20.1, module version = 0.28.1
[    27.032] 	Module class: X.Org XInput Driver
[    27.032] 	ABI class: X.Org XInput driver, version 24.1
[    27.032] (II) Using input driver 'libinput' for 'Power Button'
[    27.033] (II) systemd-logind: got fd for /dev/input/event0 13:64 fd 24 paused 0
[    27.033] (**) Power Button: always reports core events
[    27.033] (**) Option "Device" "/dev/input/event0"
[    27.033] (**) Option "_source" "server/udev"
[    27.034] (II) event0  - Power Button: is tagged by udev as: Keyboard
[    27.034] (II) event0  - Power Button: device is a keyboard
[    27.034] (II) event0  - Power Button: device removed
[    27.034] (**) Option "config_info" "udev:/sys/devices/LNXSYSTM:00/LNXPWRBN:00/input/input0/event0"
[    27.034] (II) XINPUT: Adding extended input device "Power Button" (type: KEYBOARD, id 6)
[    27.034] (**) Option "xkb_model" "pc105"
[    27.034] (**) Option "xkb_layout" "es"
[    27.046] (II) event0  - Power Button: is tagged by udev as: Keyboard
[    27.046] (II) event0  - Power Button: device is a keyboard
[    27.047] (II) config/udev: Adding input device VMware VMware Virtual USB Mouse (/dev/input/event4)
[    27.047] (**) VMware VMware Virtual USB Mouse: Applying InputClass "libinput pointer catchall"
[    27.047] (II) Using input driver 'libinput' for 'VMware VMware Virtual USB Mouse'
[    27.204] (II) systemd-logind: got fd for /dev/input/event4 13:68 fd 27 paused 0
[    27.204] (**) VMware VMware Virtual USB Mouse: always reports core events
[    27.204] (**) Option "Device" "/dev/input/event4"
[    27.204] (**) Option "_source" "server/udev"
[    27.205] (II) event4  - VMware VMware Virtual USB Mouse: is tagged by udev as: Mouse
[    27.205] (II) event4  - VMware VMware Virtual USB Mouse: device is a pointer
[    27.205] (II) event4  - VMware VMware Virtual USB Mouse: device removed
[    27.205] (**) Option "config_info" "udev:/sys/devices/pci0000:00/0000:00:11.0/0000:02:00.0/usb2/2-1/2-1:1.0/0003:0E0F:0003.0001/input/input5/event4"
[    27.205] (II) XINPUT: Adding extended input device "VMware VMware Virtual USB Mouse" (type: MOUSE, id 7)
[    27.205] (**) Option "AccelerationScheme" "none"
[    27.205] (**) VMware VMware Virtual USB Mouse: (accel) selected scheme none/0
[    27.205] (**) VMware VMware Virtual USB Mouse: (accel) acceleration factor: 2.000
[    27.205] (**) VMware VMware Virtual USB Mouse: (accel) acceleration threshold: 4
[    27.206] (II) event4  - VMware VMware Virtual USB Mouse: is tagged by udev as: Mouse
[    27.206] (II) event4  - VMware VMware Virtual USB Mouse: device is a pointer
[    27.206] (II) config/udev: Adding input device VMware VMware Virtual USB Mouse (/dev/input/mouse2)
[    27.206] (II) No input driver specified, ignoring this device.
[    27.206] (II) This device may have been added with another device file.
[    27.207] (II) config/udev: Adding input device AT Translated Set 2 keyboard (/dev/input/event1)
[    27.207] (**) AT Translated Set 2 keyboard: Applying InputClass "libinput keyboard catchall"
[    27.207] (II) Using input driver 'libinput' for 'AT Translated Set 2 keyboard'
[    27.207] (II) systemd-logind: got fd for /dev/input/event1 13:65 fd 28 paused 0
[    27.207] (**) AT Translated Set 2 keyboard: always reports core events
[    27.207] (**) Option "Device" "/dev/input/event1"
[    27.207] (**) Option "_source" "server/udev"
[    27.208] (II) event1  - AT Translated Set 2 keyboard: is tagged by udev as: Keyboard
[    27.208] (II) event1  - AT Translated Set 2 keyboard: device is a keyboard
[    27.208] (II) event1  - AT Translated Set 2 keyboard: device removed
[    27.208] (**) Option "config_info" "udev:/sys/devices/platform/i8042/serio0/input/input1/event1"
[    27.208] (II) XINPUT: Adding extended input device "AT Translated Set 2 keyboard" (type: KEYBOARD, id 8)
[    27.208] (**) Option "xkb_model" "pc105"
[    27.208] (**) Option "xkb_layout" "es"
[    27.208] (II) event1  - AT Translated Set 2 keyboard: is tagged by udev as: Keyboard
[    27.208] (II) event1  - AT Translated Set 2 keyboard: device is a keyboard
[    27.209] (II) config/udev: Adding input device VirtualPS/2 VMware VMMouse (/dev/input/event3)
[    27.209] (**) VirtualPS/2 VMware VMMouse: Applying InputClass "libinput pointer catchall"
[    27.209] (II) Using input driver 'libinput' for 'VirtualPS/2 VMware VMMouse'
[    27.209] (II) systemd-logind: got fd for /dev/input/event3 13:67 fd 29 paused 0
[    27.209] (**) VirtualPS/2 VMware VMMouse: always reports core events
[    27.209] (**) Option "Device" "/dev/input/event3"
[    27.209] (**) Option "_source" "server/udev"
[    27.210] (II) event3  - VirtualPS/2 VMware VMMouse: is tagged by udev as: Mouse
[    27.210] (II) event3  - VirtualPS/2 VMware VMMouse: device is a pointer
[    27.210] (II) event3  - VirtualPS/2 VMware VMMouse: device removed
[    27.210] (**) Option "config_info" "udev:/sys/devices/platform/i8042/serio1/input/input3/event3"
[    27.210] (II) XINPUT: Adding extended input device "VirtualPS/2 VMware VMMouse" (type: MOUSE, id 9)
[    27.210] (**) Option "AccelerationScheme" "none"
[    27.210] (**) VirtualPS/2 VMware VMMouse: (accel) selected scheme none/0
[    27.210] (**) VirtualPS/2 VMware VMMouse: (accel) acceleration factor: 2.000
[    27.210] (**) VirtualPS/2 VMware VMMouse: (accel) acceleration threshold: 4
[    27.210] (II) event3  - VirtualPS/2 VMware VMMouse: is tagged by udev as: Mouse
[    27.210] (II) event3  - VirtualPS/2 VMware VMMouse: device is a pointer
[    27.211] (II) config/udev: Adding input device VirtualPS/2 VMware VMMouse (/dev/input/mouse1)
[    27.211] (II) No input driver specified, ignoring this device.
[    27.211] (II) This device may have been added with another device file.
[    27.211] (II) config/udev: Adding input device VirtualPS/2 VMware VMMouse (/dev/input/event2)
[    27.211] (**) VirtualPS/2 VMware VMMouse: Applying InputClass "libinput pointer catchall"
[    27.211] (II) Using input driver 'libinput' for 'VirtualPS/2 VMware VMMouse'
[    27.212] (II) systemd-logind: got fd for /dev/input/event2 13:66 fd 30 paused 0
[    27.212] (**) VirtualPS/2 VMware VMMouse: always reports core events
[    27.212] (**) Option "Device" "/dev/input/event2"
[    27.212] (**) Option "_source" "server/udev"
[    27.212] (II) event2  - VirtualPS/2 VMware VMMouse: is tagged by udev as: Mouse
[    27.212] (II) event2  - VirtualPS/2 VMware VMMouse: device is a pointer
[    27.212] (II) event2  - VirtualPS/2 VMware VMMouse: device removed
[    27.212] (**) Option "config_info" "udev:/sys/devices/platform/i8042/serio1/input/input4/event2"
[    27.212] (II) XINPUT: Adding extended input device "VirtualPS/2 VMware VMMouse" (type: MOUSE, id 10)
[    27.212] (**) Option "AccelerationScheme" "none"
[    27.212] (**) VirtualPS/2 VMware VMMouse: (accel) selected scheme none/0
[    27.213] (**) VirtualPS/2 VMware VMMouse: (accel) acceleration factor: 2.000
[    27.213] (**) VirtualPS/2 VMware VMMouse: (accel) acceleration threshold: 4
[    27.213] (II) event2  - VirtualPS/2 VMware VMMouse: is tagged by udev as: Mouse
[    27.213] (II) event2  - VirtualPS/2 VMware VMMouse: device is a pointer
[    27.213] (II) config/udev: Adding input device VirtualPS/2 VMware VMMouse (/dev/input/mouse0)
[    27.213] (II) No input driver specified, ignoring this device.
[    27.213] (II) This device may have been added with another device file.
[   102.085] (II) event2  - VirtualPS/2 VMware VMMouse: Enabling spurious button debouncing, see https://wayland.freedesktop.org/libinput/doc/1.10.4/button_debouncing.html for details
